[LOG] SystemI::init                            : FMOD Studio Version: 00010706 (71893)
[LOG] SystemI::init                            : maxchannels = 1024, flags = 00030000, extradriverdata = 0000000000000000
[LOG] SystemI::close                           : 
[LOG] SystemI::close                           : Stop all sounds
[LOG] SystemI::close                           : Remove miscllaneous DSP stuff.
[LOG] SystemI::close                           : done.

[LOG] OutputWASAPI::init                       : Mix Format (WAVEFORMATEX): wFormatTag=0xFFFE, nChannels=2, nSamplesPerSec=48000, nAvgBytesPerSec=384000, nBlockAlign=8, wBitsPerSample=32, cbSize=22.
[LOG] OutputWASAPI::init                       : Mix Format (WAVEFORMATEXTENSIBLE): wValidBitsPerSample=32, dwChannelMask=0x00000003, SubFormat=00000003-0000-0010-8000-00AA00389B71.
[LOG] Thread::initThread                       : Initializing FMOD (WASAPI) feeder thread.  priority 0
[LOG] Thread::initThread                       : - Stacksize 0.  Stack pointer 0000000000000000 : usesemaphore = 0 : sleeptime = 0
[LOG] Thread::callback                         : * FMOD (WASAPI) feeder thread started
[LOG] Thread::initThread                       : Initializing FMOD mixer thread.  priority 2
[LOG] OutputWASAPI::feederUpdate               : WASAPI feeder thread set to 'Audio' characteristic
[LOG] Thread::initThread                       : - Stacksize 49152.  Stack pointer 0000000000000000 : usesemaphore = 1 : sleeptime = 0
[LOG] Thread::callback                         : * FMOD mixer thread started
[LOG] SystemI::init                            : Set up emulated output
[LOG] SystemI::init                            : create the channel pool
[LOG] SystemI::init                            : Set up streamer
[LOG] Thread::initThread                       : Initializing FMOD stream thread.  priority 2
[LOG] Thread::initThread                       : - Stacksize 65536.  Stack pointer 0000000000000000 : usesemaphore = 0 : sleeptime = 10
[LOG] Thread::callback                         : * FMOD stream thread started
[LOG] Thread::initThread                       : Initializing FMOD Studio update thread.  priority 0
[LOG] Thread::initThread                       : - Stacksize 65536.  Stack pointer 0000000000000000 : usesemaphore = 0 : sleeptime = 1
[LOG] Thread::callback                         : * FMOD Studio update thread started
[LOG] LiveUpdate::init                         : 
[LOG] Thread::initThread                       : Initializing FMOD Studio load thread.  priority 0
[LOG] Thread::initThread                       : - Stacksize 65536.  Stack pointer 0000000000000000 : usesemaphore = 0 : sleeptime = 1
[LOG] Thread::callback                         : * FMOD Studio load thread started
[LOG] Profile::init                            : Profiler listening on port: 9264
[LOG] Manager::readBank                        : fileversion = 68, compatVersion = 68 (oldest = 44, newest = 68)
[LOG] Manager::readBank                        : fileversion = 68, compatVersion = 68 (oldest = 44, newest = 68)
[LOG] Manager::readBank                        : fileversion = 68, compatVersion = 68 (oldest = 44, newest = 68)
[LOG] SystemI::createSound                     : filename = C:\TinyTongue\sounds\TinyTSfx\Build\Desktop/TinyTSfx.bank : mode 0a010202
[LOG] SystemI::createSound                     : FMOD_NONBLOCKING specified.  Putting into queue to be opened asynchronously!
[LOG] OutputSoftware::createSample             : lengthpcm 0, lengthbytes 0, channels 0, format 0, freq 0, mode 00000000
[LOG] Thread::initThread                       : Initializing FMOD nonblocking thread (0).  priority 1
[LOG] Thread::initThread                       : - Stacksize 81920.  Stack pointer 0000000000000000 : usesemaphore = 1 : sleeptime = 0
[LOG] Thread::callback                         : * FMOD nonblocking thread (0) started
[LOG] SystemI::createSound                     : setdata soundi = 000000003E7AB818 : node = 00000000241B2340
[LOG] SystemI::createSound                     : add node to async list : head = 0000000024201B50.  list count = 0
[LOG] AsyncThread::threadFunc                  : Starting Asynchronous operation on sound 000000003E7AB818
[LOG] SystemI::createSoundInternal             :     filename = C:\TinyTongue\sounds\TinyTSfx\Build\Desktop/TinyTSfx.bank : mode 0a010202
[LOG] SystemI::createSound                     :     filename = C:\TinyTongue\sounds\TinyTSfx\Build\Desktop/TinyTSfx.bank : mode 0a010202
[LOG] SystemI::createSoundInternal             :     exinfo->cbsize             = 216
[LOG] SystemI::createSound                     :     FMOD_NONBLOCKING specified.  Putting into queue to be opened asynchronously!
[LOG] SystemI::createSoundInternal             :     exinfo->length             = 734176
[LOG] OutputSoftware::createSample             :     lengthpcm 0, lengthbytes 0, channels 0, format 0, freq 0, mode 00000000
[LOG] SystemI::createSoundInternal             :     exinfo->fileoffset         = 18048
[LOG] SystemI::createSound                     :     setdata soundi = 000000003E7AB9A8 : node = 00000000241B2AC0
[LOG] SystemI::createSoundInternal             :     exinfo->numsubsounds       = 1
[LOG] SystemI::createSound                     :     add node to async list : head = 0000000024201B50.  list count = 0
[LOG] SystemI::createSoundInternal             :     exinfo->inclusionlist      = 00000000241B2448
[LOG] SystemI::createSoundInternal             :     exinfo->inclusionlistnum   = 1
[LOG] SystemI::createSound                     :     filename = C:\TinyTongue\sounds\TinyTSfx\Build\Desktop/TinyTSfx.bank : mode 0a010202
[LOG] SystemI::createSoundInternal             :     exinfo->suggestedsoundtype = 5
[LOG] SystemI::createSound                     :     FMOD_NONBLOCKING specified.  Putting into queue to be opened asynchronously!
[LOG] SystemI::createSoundInternal             :     exinfo->initialseekpostype = 1
[LOG] OutputSoftware::createSample             :     lengthpcm 0, lengthbytes 0, channels 0, format 0, freq 0, mode 00000000
[LOG] SystemI::createSound                     :     setdata soundi = 000000003E7ABCC8 : node = 00000000241B0CC0
[LOG] SystemI::createSound                     :     add node to async list : head = 0000000024201B50.  list count = 1
[LOG] SystemI::createSound                     :     filename = C:\TinyTongue\sounds\TinyTSfx\Build\Desktop/TinyTSfx.bank : mode 0a010202
[LOG] SystemI::createSound                     :     FMOD_NONBLOCKING specified.  Putting into queue to be opened asynchronously!
[LOG] OutputSoftware::createSample             :     lengthpcm 0, lengthbytes 0, channels 0, format 0, freq 0, mode 00000000
[LOG] SystemI::createSound                     :     setdata soundi = 000000003E7ABFE8 : node = 00000000241B2480
[LOG] SystemI::createSoundInternal             :     Format has 1 subsounds.
[LOG] SystemI::createSound                     :     add node to async list : head = 0000000024201B50.  list count = 2
[LOG] SystemI::createSoundInternal             :     Create as FMOD_CREATESAMPLE
[LOG] SystemI::createSound                     :     filename = C:\TinyTongue\sounds\TinyTSfx\Build\Desktop/TinyTSfx.bank : mode 0a010202
[LOG] SystemI::createSoundInternal             :     Multi-sample sound (1 subsounds), create a sample container.
[LOG] SystemI::createSound                     :     FMOD_NONBLOCKING specified.  Putting into queue to be opened asynchronously!
[LOG] SystemI::createSoundInternal             :     creating subsound 0/1
s 0, channels 0, format 0, freq 0, mode 00000000
[LOG] SystemI::createSound                     :     setdata soundi = 000000003E7AC178 : node = 00000000241B1E40
[LOG] SystemI::createSample                    :     mode 0a010202 length 491049 samples, lengthbytes 160160
[LOG] SystemI::createSound                     :     add node to async list : head = 0000000024201B50.  list count = 3
[LOG] SystemI::createSample                    :     channels = 2
[LOG] SystemI::createSound                     :     filename = C:\TinyTongue\sounds\TinyTSfx\Build\Desktop/TinyTSfx.bank : mode 0a010202
[LOG] SystemI::createSample                    :     output = 000000003E7AC628
[LOG] SystemI::createSound                     :     FMOD_NONBLOCKING specified.  Putting into queue to be opened asynchronously!
[LOG] OutputSoftware::createSample             :     lengthpcm 491049, lengthbytes 160160, channels 2, format 2, freq 48000, mode 0a01020a
[LOG] OutputSoftware::createSample             :     lengthpcm 0, lengthbytes 0, channels 0, format 0, freq 0, mode 00000000
[LOG] SystemI::createSound                     :     setdata soundi = 000000003E7ABE58 : node = 00000000241B1800
[LOG] SystemI::createSoundInternal             :     done.  OpenState now = FMOD_OPENSTATE_READY.

[LOG] AsyncThread::threadFunc                  : Finished Asynchronous operation on sound 000000003E7AB818
 count = 4
[LOG] AsyncThread::threadFunc                  : Starting Asynchronous operation on sound 000000003E7AB9A8
[LOG] SystemI::createSoundInternal             :     filename = C:\TinyTongue\sounds\TinyTSfx\Build\Desktop/TinyTSfx.bank : mode 0a010202
[LOG] SystemI::createSound                     :     filename = C:\TinyTongue\sounds\TinyTSfx\Build\Desktop/TinyTSfx.bank : mode 0a010202
[LOG] SystemI::createSoundInternal             :     exinfo->cbsize             = 216
[LOG] SystemI::createSound                     :     FMOD_NONBLOCKING specified.  Putting into queue to be opened asynchronously!
[LOG] SystemI::createSoundInternal             :     exinfo->length             = 734176
[LOG] OutputSoftware::createSample             :     lengthpcm 0, lengthbytes 0, channels 0, format 0, freq 0, mode 00000000
[LOG] SystemI::createSoundInternal             :     exinfo->fileoffset         = 18048
[LOG] SystemI::createSound                     :     setdata soundi = 000000003E7AC498 : node = 00000000241B16C0
[LOG] SystemI::createSoundInternal             :     exinfo->numsubsounds       = 1
[LOG] SystemI::createSound                     :     add node to async list : head = 0000000024201B50.  list count = 4
[LOG] SystemI::createSoundInternal             :     exinfo->inclusionlist      = 00000000241B2BC8
[LOG] SystemI::createSoundInternal             :     exinfo->inclusionlistnum   = 1
[LOG] SystemI::createSound                     :     filename = C:\TinyTongue\sounds\TinyTSfx\Build\Desktop/TinyTSfx.bank : mode 0a010202
[LOG] SystemI::createSoundInternal             :     exinfo->suggestedsoundtype = 5
[LOG] SystemI::createSound                     :     FMOD_NONBLOCKING specified.  Putting into queue to be opened asynchronously!
[LOG] SystemI::createSoundInternal             :     exinfo->initialseekpostype = 1
[LOG] OutputSoftware::createSample             :     lengthpcm 0, lengthbytes 0, channels 0, format 0, freq 0, mode 00000000
[LOG] SystemI::createSound                     :     setdata soundi = 000000003E771958 : node = 00000000241B2840
[LOG] SystemI::createSoundInternal             :     Format has 1 subsounds.
[LOG] SystemI::createSound                     :     add node to async list : head = 0000000024201B50.  list count = 5
[LOG] SystemI::createSoundInternal             :     Create as FMOD_CREATESAMPLE
[LOG] SystemI::createSound                     :     filename = C:\TinyTongue\sounds\TinyTSfx\Build\Desktop/TinyTSfx.bank : mode 0a010202
[LOG] SystemI::createSoundInternal             :     Multi-sample sound (1 subsounds), create a sample container.
[LOG] SystemI::createSound                     :     FMOD_NONBLOCKING specified.  Putting into queue to be opened asynchronously!
[LOG] SystemI::createSoundInternal             :     creating subsound 0/1
[LOG] OutputSoftware::createSample             :     lengthpcm 0, lengthbytes 0, channels 0, format 0, freq 0, mode 00000000
[LOG] SystemI::createSample                    :     mode 0a010202 length 24000 samples, lengthbytes 2432
[LOG] SystemI::createSound                     :     setdata soundi = 000000003E771F98 : node = 00000000241B1A80
[LOG] SystemI::createSample                    :     channels = 2
[LOG] SystemI::createSound                     :     add node to async list : head = 0000000024201B50.  list count = 6
[LOG] SystemI::createSample                    :     output = 000000003E7AC628
[LOG] SystemI::createSound                     :     filename = C:\TinyTongue\sounds\TinyTSfx\Build\Desktop/TinyTSfx.bank : mode 0a010202
[LOG] OutputSoftware::createSample             :     lengthpcm 24000, lengthbytes 2432, channels 2, format 2, freq 48000, mode 0a01020a
[LOG] SystemI::createSound                     :     FMOD_NONBLOCKING specified.  Putting into queue to be opened asynchronously!
[LOG] SystemI::createSoundInternal             :     done.  OpenState now = FMOD_OPENSTATE_READY.

[LOG] OutputSoftware::createSample             :     lengthpcm 0, lengthbytes 0, channels 0, format 0, freq 0, mode 00000000
[LOG] AsyncThread::threadFunc                  : Finished Asynchronous operation on sound 000000003E7AB9A8
[LOG] SystemI::createSound                     : setdata soundi = 000000003E7709B8 : node = 00000000241B1F80
[LOG] AsyncThread::threadFunc                  : Starting Asynchronous operation on sound 000000003E7ABCC8
[LOG] SystemI::createSound                     : add node to async list : head = 0000000024201B50.  list count = 6
[LOG] SystemI::createSoundInternal             :     filename = C:\TinyTongue\sounds\TinyTSfx\Build\Desktop/TinyTSfx.bank : mode 0a010202
[LOG] SystemI::createSoundInternal             :     exinfo->cbsize             = 216
[LOG] SystemI::createSound                     :     filename = C:\TinyTongue\sounds\TinyTSfx\Build\Desktop/TinyTSfx.bank : mode 0a010202
[LOG] SystemI::createSoundInternal             :     exinfo->length             = 734176
[LOG] SystemI::createSound                     :     FMOD_NONBLOCKING specified.  Putting into queue to be opened asynchronously!
[LOG] SystemI::createSoundInternal             :     exinfo->fileoffset         = 18048
[LOG] OutputSoftware::createSample             :     lengthpcm 0, lengthbytes 0, channels 0, format 0, freq 0, mode 00000000
[LOG] SystemI::createSoundInternal             :     exinfo->numsubsounds       = 1
[LOG] SystemI::createSound                     :     setdata soundi = 000000003E770B48 : node = 00000000241B1BC0
[LOG] SystemI::createSoundInternal             :     exinfo->inclusionlist      = 00000000241B0DC8
[LOG] SystemI::createSound                     :     add node to async list : head = 0000000024201B50.  list count = 7
[LOG] SystemI::createSoundInternal             :     exinfo->inclusionlistnum   = 1
[LOG] SystemI::createSound                     :     filename = C:\TinyTongue\sounds\TinyTSfx\Build\Desktop/TinyTSfx.bank : mode 0a010202
[LOG] SystemI::createSoundInternal             :     exinfo->suggestedsoundtype = 5
[LOG] SystemI::createSound                     :     FMOD_NONBLOCKING specified.  Putting into queue to be opened asynchronously!
[LOG] SystemI::createSoundInternal             :     exinfo->initialseekpostype = 1
[LOG] OutputSoftware::createSample             :     lengthpcm 0, lengthbytes 0, channels 0, format 0, freq 0, mode 00000000
[LOG] SystemI::createSound                     :     setdata soundi = 000000003E7725D8 : node = 00000000241B2200
[LOG] SystemI::createSoundInternal             :     Format has 1 subsounds.
[LOG] SystemI::createSound                     :     add node to async list : head = 0000000024201B50.  list count = 8
[LOG] SystemI::createSoundInternal             :     Create as FMOD_CREATESAMPLE
[LOG] SystemI::createSound                     :     filename = C:\TinyTongue\sounds\TinyTSfx\Build\Desktop/TinyTSfx.bank : mode 0a010202
[LOG] SystemI::createSoundInternal             :     Multi-sample sound (1 subsounds), create a sample container.
[LOG] SystemI::createSound                     :     FMOD_NONBLOCKING specified.  Putting into queue to be opened asynchronously!
[LOG] SystemI::createSoundInternal             :     creating subsound 0/1
[LOG] OutputSoftware::createSample             :     lengthpcm 0, lengthbytes 0, channels 0, format 0, freq 0, mode 00000000
[LOG] SystemI::createSample                    :     mode 0a010202 length 24000 samples, lengthbytes 2368
[LOG] SystemI::createSound                     :     setdata soundi = 000000003E7714A8 : node = 00000000241B0F40
[LOG] SystemI::createSample                    :     channels = 2
[LOG] SystemI::createSound                     :     add node to async list : head = 0000000024201B50.  list count = 9
[LOG] SystemI::createSample                    :     output = 000000003E7AC628
[LOG] OutputSoftware::createSample             :     lengthpcm 24000, lengthbytes 2368, channels 2, format 2, freq 48000, mode 0a01020a
[LOG] SystemI::createSound                     :     filename = C:\TinyTongue\sounds\TinyTSfx\Build\Desktop/TinyTSfx.bank : mode 0a010202
[LOG] SystemI::createSoundInternal             :     done.  OpenState now = FMOD_OPENSTATE_READY.

[LOG] SystemI::createSound                     :     FMOD_NONBLOCKING specified.  Putting into queue to be opened asynchronously!
[LOG] AsyncThread::threadFunc                  : Finished Asynchronous operation on sound 000000003E7ABCC8
[LOG] OutputSoftware::createSample             : lengthpcm 0, lengthbytes 0, channels 0, format 0, freq 0, mode 00000000
[LOG] AsyncThread::threadFunc                  : Starting Asynchronous operation on sound 000000003E7ABFE8
[LOG] SystemI::createSound                     : setdata soundi = 000000003E770E68 : node = 00000000241B1940
[LOG] SystemI::createSoundInternal             :     filename = C:\TinyTongue\sounds\TinyTSfx\Build\Desktop/TinyTSfx.bank : mode 0a010202
[LOG] SystemI::createSound                     :     add node to async list : head = 0000000024201B50.  list count = 9
[LOG] SystemI::createSoundInternal             :     exinfo->cbsize             = 216
[LOG] SystemI::createSound                     :     filename = C:\TinyTongue\sounds\TinyTSfx\Build\Desktop/TinyTSfx.bank : mode 0a010202
[LOG] SystemI::createSoundInternal             :     exinfo->length             = 734176
[LOG] SystemI::createSound                     :     FMOD_NONBLOCKING specified.  Putting into queue to be opened asynchronously!
[LOG] SystemI::createSoundInternal             :     exinfo->fileoffset         = 18048
[LOG] SystemI::createSoundInternal             :     exinfo->numsubsounds       = 1
[LOG] OutputSoftware::createSample             :     lengthpcm 0, lengthbytes 0, channels 0, format 0, freq 0, mode 00000000
[LOG] SystemI::createSoundInternal             :     exinfo->inclusionlist      = 00000000241B2588
[LOG] SystemI::createSound                     :     setdata soundi = 000000003E7717C8 : node = 00000000241B1D00
[LOG] SystemI::createSoundInternal             :     exinfo->inclusionlistnum   = 1
[LOG] SystemI::createSound                     :     add node to async list : head = 0000000024201B50.  list count = 10
[LOG] SystemI::createSoundInternal             :     exinfo->suggestedsoundtype = 5
[LOG] SystemI::createSoundInternal             :     exinfo->initialseekpostype = 1
[LOG] SystemI::createSoundInternal             :     Format has 1 subsounds.
[LOG] SystemI::createSoundInternal             :     Create as FMOD_CREATESAMPLE
[LOG] SystemI::createSoundInternal             :     Multi-sample sound (1 subsounds), create a sample container.
[LOG] SystemI::createSoundInternal             :     creating subsound 0/1
[LOG] SystemI::createSample                    :     mode 0a010202 length 3075 samples, lengthbytes 800
[LOG] SystemI::createSample                    :     channels = 1
[LOG] SystemI::createSample                    :     output = 000000003E7AC628
[LOG] OutputSoftware::createSample             :     lengthpcm 3075, lengthbytes 800, channels 1, format 2, freq 48000, mode 0a01020a
[LOG] SystemI::createSoundInternal             :     done.  OpenState now = FMOD_OPENSTATE_READY.

[LOG] AsyncThread::threadFunc                  : Finished Asynchronous operation on sound 000000003E7ABFE8
[LOG] AsyncThread::threadFunc                  : Starting Asynchronous operation on sound 000000003E7AC178
[LOG] SystemI::createSoundInternal             :     filename = C:\TinyTongue\sounds\TinyTSfx\Build\Desktop/TinyTSfx.bank : mode 0a010202
[LOG] SystemI::createSoundInternal             :     exinfo->cbsize             = 216
[LOG] SystemI::createSoundInternal             :     exinfo->length             = 734176
[LOG] SystemI::createSoundInternal             :     exinfo->fileoffset         = 18048
[LOG] SystemI::createSoundInternal             :     exinfo->numsubsounds       = 1
[LOG] SystemI::createSoundInternal             :     exinfo->inclusionlist      = 00000000241B1F48
[LOG] SystemI::createSoundInternal             :     exinfo->inclusionlistnum   = 1
[LOG] SystemI::createSoundInternal             :     exinfo->suggestedsoundtype = 5
[LOG] SystemI::createSoundInternal             :     exinfo->initialseekpostype = 1
[LOG] SystemI::createSoundInternal             :     Format has 1 subsounds.
[LOG] SystemI::createSoundInternal             :     Create as FMOD_CREATESAMPLE
[LOG] SystemI::createSoundInternal             :     Multi-sample sound (1 subsounds), create a sample container.
[LOG] SystemI::createSoundInternal             :     creating subsound 0/1
[LOG] SystemI::createSample                    :     mode 0a010202 length 3125 samples, lengthbytes 832
[LOG] SystemI::createSample                    :     channels = 1
[LOG] SystemI::createSample                    :     output = 000000003E7AC628
[LOG] OutputSoftware::createSample             :     lengthpcm 3125, lengthbytes 832, channels 1, format 2, freq 48000, mode 0a01020a
[LOG] SystemI::createSoundInternal             :     done.  OpenState now = FMOD_OPENSTATE_READY.

[LOG] AsyncThread::threadFunc                  : Finished Asynchronous operation on sound 000000003E7AC178
[LOG] AsyncThread::threadFunc                  : Starting Asynchronous operation on sound 000000003E7ABE58
[LOG] SystemI::createSoundInternal             :     filename = C:\TinyTongue\sounds\TinyTSfx\Build\Desktop/TinyTSfx.bank : mode 0a010202
[LOG] SystemI::createSoundInternal             :     exinfo->cbsize             = 216
[LOG] SystemI::createSoundInternal             :     exinfo->length             = 734176
[LOG] SystemI::createSoundInternal             :     exinfo->fileoffset         = 18048
[LOG] SystemI::createSoundInternal             :     exinfo->numsubsounds       = 1
[LOG] SystemI::createSoundInternal             :     exinfo->inclusionlist      = 00000000241B1908
[LOG] SystemI::createSoundInternal             :     exinfo->inclusionlistnum   = 1
[LOG] SystemI::createSoundInternal             :     exinfo->suggestedsoundtype = 5
[LOG] SystemI::createSoundInternal             :     exinfo->initialseekpostype = 1
[LOG] SystemI::createSoundInternal             :     Format has 1 subsounds.
[LOG] SystemI::createSoundInternal             :     Create as FMOD_CREATESAMPLE
[LOG] SystemI::createSoundInternal             :     Multi-sample sound (1 subsounds), create a sample container.
[LOG] SystemI::createSoundInternal             :     creating subsound 0/1
[LOG] SystemI::createSample                    :     mode 0a010202 length 1700 samples, lengthbytes 672
[LOG] SystemI::createSample                    :     channels = 1
[LOG] SystemI::createSample                    :     output = 000000003E7AC628
[LOG] OutputSoftware::createSample             :     lengthpcm 1700, lengthbytes 672, channels 1, format 2, freq 48000, mode 0a01020a
[LOG] SystemI::createSoundInternal             :     done.  OpenState now = FMOD_OPENSTATE_READY.

[LOG] AsyncThread::threadFunc                  : Finished Asynchronous operation on sound 000000003E7ABE58
[LOG] AsyncThread::threadFunc                  : Starting Asynchronous operation on sound 000000003E7AC498
[LOG] SystemI::createSoundInternal             :     filename = C:\TinyTongue\sounds\TinyTSfx\Build\Desktop/TinyTSfx.bank : mode 0a010202
[LOG] SystemI::createSoundInternal             :     exinfo->cbsize             = 216
[LOG] SystemI::createSoundInternal             :     exinfo->length             = 734176
[LOG] SystemI::createSoundInternal             :     exinfo->fileoffset         = 18048
[LOG] SystemI::createSoundInternal             :     exinfo->numsubsounds       = 1
[LOG] SystemI::createSoundInternal             :     exinfo->inclusionlist      = 00000000241B17C8
[LOG] SystemI::createSoundInternal             :     exinfo->inclusionlistnum   = 1
[LOG] SystemI::createSoundInternal             :     exinfo->suggestedsoundtype = 5
[LOG] SystemI::createSoundInternal             :     exinfo->initialseekpostype = 1
[LOG] SystemI::createSoundInternal             :     Format has 1 subsounds.
[LOG] SystemI::createSoundInternal             :     Create as FMOD_CREATESAMPLE
[LOG] SystemI::createSoundInternal             :     Multi-sample sound (1 subsounds), create a sample container.
[LOG] SystemI::createSoundInternal             :     creating subsound 0/1
[LOG] SystemI::createSample                    :     mode 0a010202 length 148625 samples, lengthbytes 49056
[LOG] SystemI::createSample                    :     channels = 2
[LOG] SystemI::createSample                    :     output = 000000003E7AC628
[LOG] OutputSoftware::createSample             :     lengthpcm 148625, lengthbytes 49056, channels 2, format 2, freq 48000, mode 0a01020a
[LOG] SystemI::createSoundInternal             :     done.  OpenState now = FMOD_OPENSTATE_READY.

[LOG] AsyncThread::threadFunc                  : Finished Asynchronous operation on sound 000000003E7AC498
[LOG] AsyncThread::threadFunc                  : Starting Asynchronous operation on sound 000000003E771958
[LOG] SystemI::createSoundInternal             :     filename = C:\TinyTongue\sounds\TinyTSfx\Build\Desktop/TinyTSfx.bank : mode 0a010202
[LOG] SystemI::createSoundInternal             :     exinfo->cbsize             = 216
[LOG] SystemI::createSoundInternal             :     exinfo->length             = 734176
[LOG] SystemI::createSoundInternal             :     exinfo->fileoffset         = 18048
[LOG] SystemI::createSoundInternal             :     exinfo->numsubsounds       = 1
[LOG] SystemI::createSoundInternal             :     exinfo->inclusionlist      = 00000000241B2948
[LOG] SystemI::createSoundInternal             :     exinfo->inclusionlistnum   = 1
[LOG] SystemI::createSoundInternal             :     exinfo->suggestedsoundtype = 5
[LOG] SystemI::createSoundInternal             :     exinfo->initialseekpostype = 1
[LOG] SystemI::createSoundInternal             :     Format has 1 subsounds.
[LOG] SystemI::createSoundInternal             :     Create as FMOD_CREATESAMPLE
[LOG] SystemI::createSoundInternal             :     Multi-sample sound (1 subsounds), create a sample container.
[LOG] SystemI::createSoundInternal             :     creating subsound 0/1
[LOG] SystemI::createSample                    :     mode 0a010202 length 441338 samples, lengthbytes 74912
[LOG] SystemI::createSample                    :     channels = 1
[LOG] SystemI::createSample                    :     output = 000000003E7AC628
[LOG] OutputSoftware::createSample             :     lengthpcm 441338, lengthbytes 74912, channels 1, format 2, freq 48000, mode 0a01020a
[LOG] SystemI::createSoundInternal             :     done.  OpenState now = FMOD_OPENSTATE_READY.

[LOG] AsyncThread::threadFunc                  : Finished Asynchronous operation on sound 000000003E771958
[LOG] AsyncThread::threadFunc                  : Starting Asynchronous operation on sound 000000003E771F98
[LOG] SystemI::createSoundInternal             :     filename = C:\TinyTongue\sounds\TinyTSfx\Build\Desktop/TinyTSfx.bank : mode 0a010202
[LOG] SystemI::createSoundInternal             :     exinfo->cbsize             = 216
[LOG] SystemI::createSoundInternal             :     exinfo->length             = 734176
[LOG] SystemI::createSoundInternal             :     exinfo->fileoffset         = 18048
[LOG] SystemI::createSoundInternal             :     exinfo->numsubsounds       = 1
[LOG] SystemI::createSoundInternal             :     exinfo->inclusionlist      = 00000000241B1B88
[LOG] SystemI::createSoundInternal             :     exinfo->inclusionlistnum   = 1
[LOG] SystemI::createSoundInternal             :     exinfo->suggestedsoundtype = 5
[LOG] SystemI::createSoundInternal             :     exinfo->initialseekpostype = 1
[LOG] SystemI::createSoundInternal             :     Format has 1 subsounds.
[LOG] SystemI::createSoundInternal             :     Create as FMOD_CREATESAMPLE
[LOG] SystemI::createSoundInternal             :     Multi-sample sound (1 subsounds), create a sample container.
[LOG] SystemI::createSoundInternal             :     creating subsound 0/1
[LOG] SystemI::createSample                    :     mode 0a010202 length 569856 samples, lengthbytes 94144
[LOG] SystemI::createSample                    :     channels = 1
[LOG] SystemI::createSample                    :     output = 000000003E7AC628
[LOG] OutputSoftware::createSample             :     lengthpcm 569856, lengthbytes 94144, channels 1, format 2, freq 48000, mode 0a01020a
[LOG] SystemI::createSoundInternal             :     done.  OpenState now = FMOD_OPENSTATE_READY.

[LOG] AsyncThread::threadFunc                  : Finished Asynchronous operation on sound 000000003E771F98
[LOG] AsyncThread::threadFunc                  : Starting Asynchronous operation on sound 000000003E7709B8
[LOG] SystemI::createSoundInternal             :     filename = C:\TinyTongue\sounds\TinyTSfx\Build\Desktop/TinyTSfx.bank : mode 0a010202
[LOG] SystemI::createSoundInternal             :     exinfo->cbsize             = 216
[LOG] SystemI::createSoundInternal             :     exinfo->length             = 734176
[LOG] SystemI::createSoundInternal             :     exinfo->fileoffset         = 18048
[LOG] SystemI::createSoundInternal             :     exinfo->numsubsounds       = 1
[LOG] SystemI::createSoundInternal             :     exinfo->inclusionlist      = 00000000241B2088
[LOG] SystemI::createSoundInternal             :     exinfo->inclusionlistnum   = 1
[LOG] SystemI::createSoundInternal             :     exinfo->suggestedsoundtype = 5
[LOG] SystemI::createSoundInternal             :     exinfo->initialseekpostype = 1
[LOG] SystemI::createSoundInternal             :     Format has 1 subsounds.
[LOG] SystemI::createSoundInternal             :     Create as FMOD_CREATESAMPLE
[LOG] SystemI::createSoundInternal             :     Multi-sample sound (1 subsounds), create a sample container.
[LOG] SystemI::createSoundInternal             :     creating subsound 0/1
[LOG] SystemI::createSample                    :     mode 0a010202 length 554445 samples, lengthbytes 88928
[LOG] SystemI::createSample                    :     channels = 1
[LOG] SystemI::createSample                    :     output = 000000003E7AC628
[LOG] OutputSoftware::createSample             :     lengthpcm 554445, lengthbytes 88928, channels 1, format 2, freq 48000, mode 0a01020a
[LOG] SystemI::createSoundInternal             :     done.  OpenState now = FMOD_OPENSTATE_READY.

[LOG] AsyncThread::threadFunc                  : Finished Asynchronous operation on sound 000000003E7709B8
[LOG] AsyncThread::threadFunc                  : Starting Asynchronous operation on sound 000000003E770B48
[LOG] SystemI::createSoundInternal             :     filename = C:\TinyTongue\sounds\TinyTSfx\Build\Desktop/TinyTSfx.bank : mode 0a010202
[LOG] SystemI::createSoundInternal             :     exinfo->cbsize             = 216
[LOG] SystemI::createSoundInternal             :     exinfo->length             = 734176
[LOG] SystemI::createSoundInternal             :     exinfo->fileoffset         = 18048
[LOG] SystemI::createSoundInternal             :     exinfo->numsubsounds       = 1
[LOG] SystemI::createSoundInternal             :     exinfo->inclusionlist      = 00000000241B1CC8
[LOG] SystemI::createSoundInternal             :     exinfo->inclusionlistnum   = 1
[LOG] SystemI::createSoundInternal             :     exinfo->suggestedsoundtype = 5
[LOG] SystemI::createSoundInternal             :     exinfo->initialseekpostype = 1
[LOG] SystemI::createSoundInternal             :     Format has 1 subsounds.
[LOG] SystemI::createSoundInternal             :     Create as FMOD_CREATESAMPLE
[LOG] SystemI::createSoundInternal             :     Multi-sample sound (1 subsounds), create a sample container.
[LOG] SystemI::createSoundInternal             :     creating subsound 0/1
[LOG] SystemI::createSample                    :     mode 0a010202 length 17531 samples, lengthbytes 4224
[LOG] SystemI::createSample                    :     channels = 1
[LOG] SystemI::createSample                    :     output = 000000003E7AC628
[LOG] OutputSoftware::createSample             :     lengthpcm 17531, lengthbytes 4224, channels 1, format 2, freq 48000, mode 0a01020a
[LOG] SystemI::createSoundInternal             :     done.  OpenState now = FMOD_OPENSTATE_READY.

[LOG] AsyncThread::threadFunc                  : Finished Asynchronous operation on sound 000000003E770B48
[LOG] AsyncThread::threadFunc                  : Starting Asynchronous operation on sound 000000003E7725D8
[LOG] SystemI::createSoundInternal             :     filename = C:\TinyTongue\sounds\TinyTSfx\Build\Desktop/TinyTSfx.bank : mode 0a010202
[LOG] SystemI::createSoundInternal             :     exinfo->cbsize             = 216
[LOG] SystemI::createSoundInternal             :     exinfo->length             = 734176
[LOG] SystemI::createSoundInternal             :     exinfo->fileoffset         = 18048
[LOG] SystemI::createSoundInternal             :     exinfo->numsubsounds       = 1
[LOG] SystemI::createSoundInternal             :     exinfo->inclusionlist      = 00000000241B2308
[LOG] SystemI::createSoundInternal             :     exinfo->inclusionlistnum   = 1
[LOG] SystemI::createSoundInternal             :     exinfo->suggestedsoundtype = 5
[LOG] SystemI::createSoundInternal             :     exinfo->initialseekpostype = 1
[LOG] SystemI::createSoundInternal             :     Format has 1 subsounds.
[LOG] SystemI::createSoundInternal             :     Create as FMOD_CREATESAMPLE
[LOG] SystemI::createSoundInternal             :     Multi-sample sound (1 subsounds), create a sample container.
[LOG] SystemI::createSoundInternal             :     creating subsound 0/1
[LOG] SystemI::createSample                    :     mode 0a010202 length 18991 samples, lengthbytes 5088
[LOG] SystemI::createSample                    :     channels = 1
[LOG] SystemI::createSample                    :     output = 000000003E7AC628
[LOG] OutputSoftware::createSample             :     lengthpcm 18991, lengthbytes 5088, channels 1, format 2, freq 48000, mode 0a01020a
[LOG] SystemI::createSoundInternal             :     done.  OpenState now = FMOD_OPENSTATE_READY.

[LOG] AsyncThread::threadFunc                  : Finished Asynchronous operation on sound 000000003E7725D8
[LOG] AsyncThread::threadFunc                  : Starting Asynchronous operation on sound 000000003E7714A8
[LOG] SystemI::createSoundInternal             :     filename = C:\TinyTongue\sounds\TinyTSfx\Build\Desktop/TinyTSfx.bank : mode 0a010202
[LOG] SystemI::createSoundInternal             :     exinfo->cbsize             = 216
[LOG] SystemI::createSoundInternal             :     exinfo->length             = 734176
[LOG] SystemI::createSoundInternal             :     exinfo->fileoffset         = 18048
[LOG] SystemI::createSoundInternal             :     exinfo->numsubsounds       = 1
[LOG] SystemI::createSoundInternal             :     exinfo->inclusionlist      = 00000000241B1048
[LOG] SystemI::createSoundInternal             :     exinfo->inclusionlistnum   = 1
[LOG] SystemI::createSoundInternal             :     exinfo->suggestedsoundtype = 5
[LOG] SystemI::createSoundInternal             :     exinfo->initialseekpostype = 1
[LOG] SystemI::createSoundInternal             :     Format has 1 subsounds.
[LOG] SystemI::createSoundInternal             :     Create as FMOD_CREATESAMPLE
[LOG] SystemI::createSoundInternal             :     Multi-sample sound (1 subsounds), create a sample container.
[LOG] SystemI::createSoundInternal             :     creating subsound 0/1
[LOG] SystemI::createSample                    :     mode 0a010202 length 22790 samples, lengthbytes 6048
[LOG] SystemI::createSample                    :     channels = 1
[LOG] SystemI::createSample                    :     output = 000000003E7AC628
[LOG] OutputSoftware::createSample             :     lengthpcm 22790, lengthbytes 6048, channels 1, format 2, freq 48000, mode 0a01020a
[LOG] SystemI::createSoundInternal             :     done.  OpenState now = FMOD_OPENSTATE_READY.

[LOG] AsyncThread::threadFunc                  : Finished Asynchronous operation on sound 000000003E7714A8
[LOG] AsyncThread::threadFunc                  : Starting Asynchronous operation on sound 000000003E770E68
[LOG] SystemI::createSoundInternal             :     filename = C:\TinyTongue\sounds\TinyTSfx\Build\Desktop/TinyTSfx.bank : mode 0a010202
[LOG] SystemI::createSoundInternal             :     exinfo->cbsize             = 216
[LOG] SystemI::createSoundInternal             :     exinfo->length             = 734176
[LOG] SystemI::createSoundInternal             :     exinfo->fileoffset         = 18048
[LOG] SystemI::createSoundInternal             :     exinfo->numsubsounds       = 1
[LOG] SystemI::createSoundInternal             :     exinfo->inclusionlist      = 00000000241B1A48
[LOG] SystemI::createSoundInternal             :     exinfo->inclusionlistnum   = 1
[LOG] SystemI::createSoundInternal             :     exinfo->suggestedsoundtype = 5
[LOG] SystemI::createSoundInternal             :     exinfo->initialseekpostype = 1
[LOG] SystemI::createSoundInternal             :     Format has 1 subsounds.
[LOG] SystemI::createSoundInternal             :     Create as FMOD_CREATESAMPLE
[LOG] SystemI::createSoundInternal             :     Multi-sample sound (1 subsounds), create a sample container.
[LOG] SystemI::createSoundInternal             :     creating subsound 0/1
[LOG] SystemI::createSample                    :     mode 0a010202 length 70974 samples, lengthbytes 16416
[LOG] SystemI::createSample                    :     channels = 2
[LOG] SystemI::createSample                    :     output = 000000003E7AC628
[LOG] OutputSoftware::createSample             :     lengthpcm 70974, lengthbytes 16416, channels 2, format 2, freq 48000, mode 0a01020a
[LOG] SystemI::createSoundInternal             :     done.  OpenState now = FMOD_OPENSTATE_READY.

[LOG] AsyncThread::threadFunc                  : Finished Asynchronous operation on sound 000000003E770E68
[LOG] AsyncThread::threadFunc                  : Starting Asynchronous operation on sound 000000003E7717C8
[LOG] SystemI::createSoundInternal             :     filename = C:\TinyTongue\sounds\TinyTSfx\Build\Desktop/TinyTSfx.bank : mode 0a010202
[LOG] SystemI::createSoundInternal             :     exinfo->cbsize             = 216
[LOG] SystemI::createSoundInternal             :     exinfo->length             = 734176
[LOG] SystemI::createSoundInternal             :     exinfo->fileoffset         = 18048
[LOG] SystemI::createSoundInternal             :     exinfo->numsubsounds       = 1
[LOG] SystemI::createSoundInternal             :     exinfo->inclusionlist      = 00000000241B1E08
[LOG] SystemI::createSoundInternal             :     exinfo->inclusionlistnum   = 1
[LOG] SystemI::createSoundInternal             :     exinfo->suggestedsoundtype = 5
[LOG] SystemI::createSoundInternal             :     exinfo->initialseekpostype = 1
[LOG] SystemI::createSoundInternal             :     Format has 1 subsounds.
[LOG] SystemI::createSoundInternal             :     Create as FMOD_CREATESAMPLE
[LOG] SystemI::createSoundInternal             :     Multi-sample sound (1 subsounds), create a sample container.
[LOG] SystemI::createSoundInternal             :     creating subsound 0/1
[LOG] SystemI::createSample                    :     mode 0a010202 length 77717 samples, lengthbytes 18176
[LOG] SystemI::createSample                    :     channels = 2
[LOG] SystemI::createSample                    :     output = 000000003E7AC628
[LOG] OutputSoftware::createSample             :     lengthpcm 77717, lengthbytes 18176, channels 2, format 2, freq 48000, mode 0a01020a
[LOG] SystemI::createSoundInternal             :     done.  OpenState now = FMOD_OPENSTATE_READY.

[LOG] AsyncThread::threadFunc                  : Finished Asynchronous operation on sound 000000003E7717C8
[LOG] SoundI::release                          : (null) (000000003E770E68)
[LOG] SoundI::release                          : release subsounds. (000000003E770E68)
[LOG] SoundI::release                          :     (null) (000000002417DCF8)
[LOG] SoundI::release                          : release codec. (000000003E770E68)
[LOG] SoundI::release                          : (null) (000000003E7717C8)
[LOG] SoundI::release                          : release subsounds. (000000003E7717C8)
[LOG] SoundI::release                          :     (null) (000000002417C8A8)
[LOG] SoundI::release                          : release codec. (000000003E7717C8)
[LOG] SoundI::release                          : (null) (000000003E7AC498)
[LOG] SoundI::release                          : release subsounds. (000000003E7AC498)
[LOG] SoundI::release                          :     (null) (000000003E771638)
[LOG] SoundI::release                          : release codec. (000000003E7AC498)
[LOG] SoundI::release                          : (null) (000000003E7ABFE8)
[LOG] SoundI::release                          : release subsounds. (000000003E7ABFE8)
[LOG] SoundI::release                          :     (null) (000000003E771AE8)
[LOG] SoundI::release                          : release codec. (000000003E7ABFE8)
[LOG] SoundI::release                          : (null) (000000003E7AC178)
[LOG] SoundI::release                          : release subsounds. (000000003E7AC178)
[LOG] SoundI::release                          :     (null) (000000003E771C78)
[LOG] SoundI::release                          : release codec. (000000003E7AC178)
[LOG] SoundI::release                          : (null) (000000003E7ABE58)
[LOG] SoundI::release                          : release subsounds. (000000003E7ABE58)
[LOG] SoundI::release                          :     (null) (000000003E770CD8)
[LOG] SoundI::release                          : release codec. (000000003E7ABE58)
[LOG] SoundI::release                          : (null) (000000003E7AB818)
[LOG] SoundI::release                          : release subsounds. (000000003E7AB818)
[LOG] SoundI::release                          :     (null) (000000003E7AC308)
[LOG] SoundI::release                          : release codec. (000000003E7AB818)
[LOG] SoundI::release                          : (null) (000000003E770B48)
[LOG] SoundI::release                          : release subsounds. (000000003E770B48)
[LOG] SoundI::release                          :     (null) (000000003E771318)
[LOG] SoundI::release                          : release codec. (000000003E770B48)
[LOG] SoundI::release                          : (null) (000000003E7725D8)
[LOG] SoundI::release                          : release subsounds. (000000003E7725D8)
[LOG] SoundI::release                          :     (null) (000000003E771E08)
[LOG] SoundI::release                          : release codec. (000000003E7725D8)
[LOG] SoundI::release                          : (null) (000000003E7714A8)
[LOG] SoundI::release                          : release subsounds. (000000003E7714A8)
[LOG] SoundI::release                          :     (null) (000000003E7722B8)
[LOG] SoundI::release                          : release codec. (000000003E7714A8)
[LOG] SoundI::release                          : (null) (000000003E771958)
[LOG] SoundI::release                          : release subsounds. (000000003E771958)
[LOG] SoundI::release                          :     (null) (000000003E772448)
[LOG] SoundI::release                          : release codec. (000000003E771958)
[LOG] SoundI::release                          : (null) (000000003E771F98)
[LOG] SoundI::release                          : release subsounds. (000000003E771F98)
[LOG] SoundI::release                          :     (null) (000000003E772768)
[LOG] SoundI::release                          : release codec. (000000003E771F98)
[LOG] SoundI::release                          : (null) (000000003E7709B8)
[LOG] SoundI::release                          : release subsounds. (000000003E7709B8)
[LOG] SoundI::release                          :     (null) (000000003E770FF8)
[LOG] SoundI::release                          : release codec. (000000003E7709B8)
[LOG] SoundI::release                          : (null) (000000003E7AB9A8)
[LOG] SoundI::release                          : release subsounds. (000000003E7AB9A8)
[LOG] SoundI::release                          :     (null) (000000003E772128)
[LOG] SoundI::release                          : release codec. (000000003E7AB9A8)
[LOG] SoundI::release                          : (null) (000000003E7ABCC8)
[LOG] SoundI::release                          : release subsounds. (000000003E7ABCC8)
[LOG] SoundI::release                          :     (null) (000000003E771188)
[LOG] SoundI::release                          : release codec. (000000003E7ABCC8)
[LOG] Thread::callback                         : * FMOD Studio update thread finished
[LOG] Thread::close                            : FMOD Studio update thread thread destroyed
[LOG] Thread::callback                         : * FMOD Studio load thread finished
[LOG] Thread::close                            : FMOD Studio load thread thread destroyed
[LOG] Profile::disconnectAll                   : Profiler disconnecting all clients
[LOG] LiveUpdate::release                      : 
[LOG] SystemI::close                           : 
[LOG] SystemI::close                           : Stop all sounds
[LOG] Thread::callback                         : * FMOD stream thread finished
[LOG] Thread::close                            : FMOD stream thread thread destroyed
[LOG] SystemI::close                           : Stream thread destroyed
[LOG] SystemI::close                           : Shut down output.
[LOG] Thread::callback                         : * FMOD (WASAPI) feeder thread finished
[LOG] Thread::close                            : FMOD (WASAPI) feeder thread thread destroyed
[LOG] Thread::callback                         : * FMOD mixer thread finished
[LOG] Thread::close                            : FMOD mixer thread thread destroyed
[LOG] SystemI::close                           : Free master channel group.
[LOG] SystemI::close                           : Remove 'master' sound group.
[LOG] SystemI::close                           : Free software output.
[LOG] SystemI::close                           : Free emulated output.
[LOG] SystemI::close                           : Free channel pool.
[LOG] SystemI::close                           : Remove miscllaneous DSP stuff.
[LOG] Global::decRef                           : Shut down streamer and FMOD_NONBLOCKING and FileSystem thread.
[LOG] Thread::callback                         : * FMOD nonblocking thread (0) finished
[LOG] Thread::close                            : FMOD nonblocking thread (0) thread destroyed
[LOG] Global::decRef                           : Shut down file system.
[LOG] SystemI::close                           : done.

